<?xml version="1.0" encoding="UTF-8"?>
<testsuite xmlns:xsi="http://www.w3.org/2001/XMLSchema-instance" xsi:noNamespaceSchemaLocation="https://maven.apache.org/surefire/maven-surefire-plugin/xsd/surefire-test-report-3.0.xsd" version="3.0" name="cucumber_Options.test_Runner" time="12.665" tests="3" errors="0" skipped="0" failures="0">
  <properties>
[...]
</properties>
  <testcase name="Given I launch the browser" classname="Scenario: scenario 1" time="0.001"/>
  <testcase name="Then I launch the website" classname="Scenario: scenario 1" time="0"/>
  <testcase name="Scenario: scenario 1" classname="Scenario: scenario 1" time="0.745"/>
</testsuite>